SF:apps/accounts/__init__.py
end_of_record
SF:apps/accounts/admin.py
DA:1,1
DA:2,1
DA:4,1
DA:7,1
DA:8,1
DA:9,1
DA:10,1
DA:11,1
DA:12,1
DA:13,1
DA:15,1
DA:21,1
LF:12
LH:12
end_of_record
SF:apps/accounts/apps.py
DA:1,1
DA:4,1
DA:5,1
LF:3
LH:3
end_of_record
SF:apps/accounts/managers/__init__.py
DA:1,1
DA:3,1
LF:2
LH:2
end_of_record
SF:apps/accounts/managers/user_manager.py
DA:1,1
DA:4,1
DA:7,1
DA:8,0
DA:9,0
DA:10,0
DA:11,0
DA:12,0
DA:13,0
DA:14,0
DA:16,1
DA:17,0
DA:18,0
DA:19,0
DA:21,0
DA:22,0
DA:23,0
DA:24,0
DA:26,0
LF:19
LH:4
FN:7,14,CustomUserManager.create_user
FNDA:0,CustomUserManager.create_user
FN:16,26,CustomUserManager.create_superuser
FNDA:0,CustomUserManager.create_superuser
FNF:2
FNH:0
end_of_record
SF:apps/accounts/migrations/0001_initial.py
DA:3,0
DA:4,0
DA:5,0
DA:6,0
DA:7,0
DA:8,0
DA:11,0
DA:13,0
DA:15,0
DA:19,0
LF:10
LH:0
end_of_record
SF:apps/accounts/migrations/__init__.py
end_of_record
SF:apps/accounts/models/__init__.py
DA:1,1
DA:2,1
DA:3,1
DA:4,1
DA:9,1
LF:5
LH:5
end_of_record
SF:apps/accounts/models/address_model.py
DA:1,1
DA:2,1
DA:4,1
DA:7,1
DA:19,1
DA:25,1
DA:26,1
DA:27,1
DA:28,1
DA:29,1
DA:30,1
DA:31,1
DA:34,1
DA:35,1
DA:36,1
DA:37,1
DA:39,1
DA:40,0
LF:18
LH:17
FN:39,40,Address.__str__
FNDA:0,Address.__str__
FNF:1
FNH:0
end_of_record
SF:apps/accounts/models/profile_model.py
DA:1,1
DA:3,1
DA:4,1
DA:5,1
DA:7,1
DA:8,1
DA:12,1
DA:23,1
DA:28,1
DA:33,1
DA:38,1
DA:41,1
DA:45,1
DA:51,1
DA:52,1
DA:53,1
DA:54,1
DA:56,1
DA:57,0
DA:59,1
DA:60,1
DA:62,0
DA:64,1
DA:65,1
DA:67,0
DA:68,0
DA:69,0
DA:77,0
LF:28
LH:22
FN:56,57,Profile.__str__
FNDA:0,Profile.__str__
FN:60,62,Profile.full_name
FNDA:0,Profile.full_name
FN:65,77,Profile.age
FNDA:0,Profile.age
FNF:3
FNH:0
end_of_record
SF:apps/accounts/models/roles_model.py
DA:1,1
DA:5,1
DA:6,1
DA:7,1
LF:4
LH:4
end_of_record
SF:apps/accounts/models/user_model.py
DA:1,1
DA:2,1
DA:4,1
DA:7,1
DA:11,1
DA:12,1
DA:19,1
DA:20,1
DA:21,1
DA:22,1
DA:23,1
DA:25,1
DA:27,1
DA:28,1
DA:30,1
DA:31,1
DA:32,1
DA:34,1
DA:35,0
DA:37,1
DA:38,1
DA:39,0
LF:22
LH:20
FN:34,35,CustomUser.__str__
FNDA:0,CustomUser.__str__
FN:38,39,CustomUser.full_name
FNDA:0,CustomUser.full_name
FNF:2
FNH:0
end_of_record
SF:apps/accounts/schema/__init__.py
DA:1,1
DA:2,1
DA:4,1
LF:3
LH:3
end_of_record
SF:apps/accounts/schema/address_schema.py
DA:1,1
DA:8,1
DA:10,1
LF:3
LH:3
end_of_record
SF:apps/accounts/schema/profile_schema.py
DA:1,1
DA:9,1
DA:11,1
LF:3
LH:3
end_of_record
SF:apps/accounts/serializers/__init__.py
DA:1,1
DA:2,1
DA:4,1
LF:3
LH:3
end_of_record
SF:apps/accounts/serializers/address_serializer.py
DA:1,1
DA:2,1
DA:4,1
DA:7,1
DA:8,1
DA:9,1
DA:10,1
LF:7
LH:7
end_of_record
SF:apps/accounts/serializers/profile_serializer.py
DA:1,1
DA:2,1
DA:4,1
DA:7,1
DA:8,1
DA:9,1
DA:10,1
DA:11,1
DA:13,1
DA:14,1
DA:15,1
DA:25,1
DA:27,1
DA:28,0
DA:30,1
DA:31,0
LF:16
LH:14
FN:27,28,ProfileSerializer.get_full_name
FNDA:0,ProfileSerializer.get_full_name
FN:30,31,ProfileSerializer.get_age
FNDA:0,ProfileSerializer.get_age
FNF:2
FNH:0
end_of_record
SF:apps/accounts/tests.py
DA:1,1
LF:1
LH:1
end_of_record
SF:apps/accounts/urls.py
DA:1,1
DA:2,1
DA:4,1
DA:6,1
DA:7,1
DA:8,1
DA:10,1
LF:7
LH:7
end_of_record
SF:apps/accounts/views/__init__.py
DA:1,1
DA:2,1
DA:4,1
LF:3
LH:3
end_of_record
SF:apps/accounts/views/address_view.py
DA:1,1
DA:2,1
DA:3,1
DA:4,1
DA:5,1
DA:7,1
DA:8,1
DA:9,1
DA:14,1
DA:15,1
DA:29,1
DA:30,1
DA:32,1
DA:33,0
DA:35,1
DA:36,0
DA:38,1
DA:39,1
DA:40,0
DA:41,0
DA:42,0
DA:43,0
DA:44,0
DA:45,0
DA:46,0
LF:25
LH:16
FN:32,33,AddressViewSet.get_queryset
FNDA:0,AddressViewSet.get_queryset
FN:35,36,AddressViewSet.perform_create
FNDA:0,AddressViewSet.perform_create
FN:39,46,AddressViewSet.set_default
FNDA:0,AddressViewSet.set_default
FNF:3
FNH:0
end_of_record
SF:apps/accounts/views/profile_view.py
DA:1,1
DA:2,1
DA:3,1
DA:4,1
DA:5,1
DA:7,1
DA:8,1
DA:9,1
DA:12,1
DA:13,1
DA:27,1
DA:28,1
DA:30,1
DA:31,0
DA:33,1
DA:34,0
DA:36,1
DA:42,1
DA:43,0
DA:44,0
DA:45,0
DA:47,0
DA:48,0
DA:49,0
LF:24
LH:16
FN:30,31,ProfileViewSet.get_queryset
FNDA:0,ProfileViewSet.get_queryset
FN:33,34,ProfileViewSet.perform_create
FNDA:0,ProfileViewSet.perform_create
FN:42,49,ProfileViewSet.change_role
FNDA:0,ProfileViewSet.change_role
FNF:3
FNH:0
end_of_record
SF:apps/analytics/__init__.py
end_of_record
SF:apps/analytics/admin.py
DA:1,1
LF:1
LH:1
end_of_record
SF:apps/analytics/apps.py
DA:1,1
DA:4,1
DA:5,1
LF:3
LH:3
end_of_record
SF:apps/analytics/migrations/__init__.py
end_of_record
SF:apps/analytics/models.py
DA:1,1
LF:1
LH:1
end_of_record
SF:apps/analytics/tests.py
DA:1,1
LF:1
LH:1
end_of_record
SF:apps/analytics/views.py
DA:1,0
LF:1
LH:0
end_of_record
SF:apps/categories/__init__.py
end_of_record
SF:apps/categories/admin.py
DA:1,1
LF:1
LH:1
end_of_record
SF:apps/categories/apps.py
DA:1,1
DA:4,1
DA:5,1
LF:3
LH:3
end_of_record
SF:apps/categories/migrations/__init__.py
end_of_record
SF:apps/categories/models.py
DA:1,1
LF:1
LH:1
end_of_record
SF:apps/categories/tests.py
DA:1,1
LF:1
LH:1
end_of_record
SF:apps/categories/views.py
DA:1,0
LF:1
LH:0
end_of_record
SF:apps/discounts/__init__.py
end_of_record
SF:apps/discounts/admin.py
DA:1,1
LF:1
LH:1
end_of_record
SF:apps/discounts/apps.py
DA:1,1
DA:4,1
DA:5,1
LF:3
LH:3
end_of_record
SF:apps/discounts/migrations/__init__.py
end_of_record
SF:apps/discounts/models.py
DA:1,1
LF:1
LH:1
end_of_record
SF:apps/discounts/tests.py
DA:1,1
LF:1
LH:1
end_of_record
SF:apps/discounts/views.py
DA:1,0
LF:1
LH:0
end_of_record
SF:apps/inventory/__init__.py
end_of_record
SF:apps/inventory/admin.py
DA:1,1
LF:1
LH:1
end_of_record
SF:apps/inventory/apps.py
DA:1,1
DA:4,1
DA:5,1
LF:3
LH:3
end_of_record
SF:apps/inventory/migrations/__init__.py
end_of_record
SF:apps/inventory/models.py
DA:1,1
LF:1
LH:1
end_of_record
SF:apps/inventory/tests.py
DA:1,1
LF:1
LH:1
end_of_record
SF:apps/inventory/views.py
DA:1,0
LF:1
LH:0
end_of_record
SF:apps/notifications/__init__.py
end_of_record
SF:apps/notifications/admin.py
DA:1,1
LF:1
LH:1
end_of_record
SF:apps/notifications/apps.py
DA:1,1
DA:4,1
DA:5,1
LF:3
LH:3
end_of_record
SF:apps/notifications/migrations/__init__.py
end_of_record
SF:apps/notifications/models.py
DA:1,1
LF:1
LH:1
end_of_record
SF:apps/notifications/tests.py
DA:1,1
LF:1
LH:1
end_of_record
SF:apps/notifications/views.py
DA:1,0
LF:1
LH:0
end_of_record
SF:apps/orders/__init__.py
end_of_record
SF:apps/orders/admin.py
DA:1,1
LF:1
LH:1
end_of_record
SF:apps/orders/apps.py
DA:1,1
DA:4,1
DA:5,1
LF:3
LH:3
end_of_record
SF:apps/orders/migrations/__init__.py
end_of_record
SF:apps/orders/models.py
DA:1,1
LF:1
LH:1
end_of_record
SF:apps/orders/tests.py
DA:1,1
LF:1
LH:1
end_of_record
SF:apps/orders/views.py
DA:1,0
LF:1
LH:0
end_of_record
SF:apps/payments/__init__.py
end_of_record
SF:apps/payments/admin.py
DA:1,1
LF:1
LH:1
end_of_record
SF:apps/payments/apps.py
DA:1,1
DA:4,1
DA:5,1
LF:3
LH:3
end_of_record
SF:apps/payments/migrations/__init__.py
end_of_record
SF:apps/payments/models.py
DA:1,1
LF:1
LH:1
end_of_record
SF:apps/payments/tests.py
DA:1,1
LF:1
LH:1
end_of_record
SF:apps/payments/views.py
DA:1,0
LF:1
LH:0
end_of_record
SF:apps/products/__init__.py
end_of_record
SF:apps/products/admin.py
DA:1,1
LF:1
LH:1
end_of_record
SF:apps/products/apps.py
DA:1,1
DA:4,1
DA:5,1
LF:3
LH:3
end_of_record
SF:apps/products/migrations/__init__.py
end_of_record
SF:apps/products/models.py
DA:1,1
LF:1
LH:1
end_of_record
SF:apps/products/tests.py
DA:1,1
LF:1
LH:1
end_of_record
SF:apps/products/views.py
DA:1,0
LF:1
LH:0
end_of_record
SF:apps/reviews/__init__.py
end_of_record
SF:apps/reviews/admin.py
DA:1,1
LF:1
LH:1
end_of_record
SF:apps/reviews/apps.py
DA:1,1
DA:4,1
DA:5,1
LF:3
LH:3
end_of_record
SF:apps/reviews/migrations/__init__.py
end_of_record
SF:apps/reviews/models.py
DA:1,1
LF:1
LH:1
end_of_record
SF:apps/reviews/tests.py
DA:1,1
LF:1
LH:1
end_of_record
SF:apps/reviews/views.py
DA:1,0
LF:1
LH:0
end_of_record
SF:apps/shipping/__init__.py
end_of_record
SF:apps/shipping/admin.py
DA:1,1
LF:1
LH:1
end_of_record
SF:apps/shipping/apps.py
DA:1,1
DA:4,1
DA:5,1
LF:3
LH:3
end_of_record
SF:apps/shipping/migrations/__init__.py
end_of_record
SF:apps/shipping/models.py
DA:1,1
LF:1
LH:1
end_of_record
SF:apps/shipping/tests.py
DA:1,1
LF:1
LH:1
end_of_record
SF:apps/shipping/views.py
DA:1,0
LF:1
LH:0
end_of_record
SF:core/__init__.py
end_of_record
SF:core/asgi.py
DA:10,0
DA:12,0
DA:14,0
DA:16,0
LF:4
LH:0
end_of_record
SF:core/celery.py
DA:1,0
DA:3,0
DA:5,0
DA:7,0
DA:8,0
DA:9,0
DA:12,0
DA:13,0
DA:14,0
LF:9
LH:0
FN:13,14,debug_task
FNDA:0,debug_task
FNF:1
FNH:0
end_of_record
SF:core/envs.py
DA:1,1
DA:3,1
DA:6,1
DA:8,1
DA:10,1
DA:11,1
DA:12,0
DA:14,1
DA:16,1
DA:17,1
DA:18,1
DA:19,1
DA:20,1
DA:21,1
DA:22,1
DA:23,1
DA:24,0
DA:25,0
DA:26,0
DA:27,0
DA:29,0
LF:21
LH:15
FN:6,29,load_valid_envs
FNDA:1,load_valid_envs
FNF:1
FNH:1
end_of_record
SF:core/paths.py
DA:1,1
DA:3,1
DA:4,1
DA:5,1
DA:6,1
DA:7,1
DA:8,1
LF:7
LH:7
end_of_record
SF:core/services/__init__.py
end_of_record
SF:core/services/allauth/__init__.py
end_of_record
SF:core/services/allauth/selectors.py
DA:1,0
DA:3,0
DA:4,0
DA:5,0
DA:8,0
DA:9,0
DA:11,0
DA:16,0
LF:8
LH:0
FN:8,25,get_stale_unverified_users_queryset
FNDA:0,get_stale_unverified_users_queryset
FNF:1
FNH:0
end_of_record
SF:core/services/allauth/social_adapter.py
DA:1,0
DA:2,0
DA:3,0
DA:4,0
DA:7,0
DA:8,0
DA:9,0
DA:10,0
DA:11,0
DA:12,0
DA:13,0
DA:15,0
DA:16,0
DA:17,0
DA:18,0
DA:19,0
DA:21,0
DA:23,0
DA:24,0
DA:25,0
DA:26,0
DA:27,0
LF:22
LH:0
FN:8,21,SocialAccountAdapter.populate_user
FNDA:0,SocialAccountAdapter.populate_user
FN:23,27,SocialAccountAdapter.is_open_for_signup
FNDA:0,SocialAccountAdapter.is_open_for_signup
FNF:2
FNH:0
end_of_record
SF:core/services/allauth/tasks.py
DA:1,0
DA:3,0
DA:4,0
DA:6,0
DA:9,0
DA:10,0
DA:11,0
DA:13,0
DA:14,0
DA:15,0
DA:16,0
LF:11
LH:0
FN:10,16,cleanup_stale_unverified_users
FNDA:0,cleanup_stale_unverified_users
FNF:1
FNH:0
end_of_record
SF:core/services/mail/__init__.py
DA:1,0
DA:2,0
DA:4,0
LF:3
LH:0
end_of_record
SF:core/services/mail/adapter.py
DA:1,0
DA:3,0
DA:5,0
DA:6,0
DA:8,0
DA:9,0
DA:12,0
DA:13,0
DA:14,0
DA:15,0
DA:16,0
DA:17,0
DA:19,0
DA:24,0
DA:25,0
DA:26,0
DA:28,0
DA:29,0
DA:30,0
DA:32,0
LF:20
LH:0
FN:13,17,AsyncAccountAdapter.send_mail
FNDA:0,AsyncAccountAdapter.send_mail
FN:19,26,AsyncAccountAdapter.clean_username
FNDA:0,AsyncAccountAdapter.clean_username
FN:28,32,AsyncAccountAdapter.populate_username
FNDA:0,AsyncAccountAdapter.populate_username
FNF:3
FNH:0
end_of_record
SF:core/services/mail/service.py
DA:1,0
DA:3,0
DA:5,0
DA:8,0
DA:9,0
DA:10,0
DA:11,0
DA:12,0
DA:13,0
DA:15,0
DA:27,0
DA:28,0
DA:29,0
DA:41,0
DA:42,0
DA:43,0
DA:45,0
LF:17
LH:0
FN:10,25,MailService.serialize
FNDA:0,MailService.serialize
FN:28,45,MailService.build
FNDA:0,MailService.build
FNF:2
FNH:0
end_of_record
SF:core/services/mail/tasks.py
DA:1,0
DA:3,0
DA:4,0
DA:5,0
DA:7,0
DA:8,0
DA:11,0
DA:12,0
DA:13,0
DA:14,0
DA:15,0
LF:11
LH:0
FN:12,15,send_email_payloads_task
FNDA:0,send_email_payloads_task
FNF:1
FNH:0
end_of_record
SF:core/services/mail/types.py
DA:1,0
DA:3,0
DA:6,0
DA:7,0
DA:8,0
DA:9,0
DA:10,0
DA:11,0
DA:12,0
DA:13,0
DA:14,0
DA:15,0
LF:12
LH:0
end_of_record
SF:core/settings/__init__.py
DA:1,1
DA:3,1
DA:5,1
DA:19,1
DA:20,1
DA:22,1
DA:23,1
DA:24,0
DA:25,0
DA:27,0
LF:10
LH:7
end_of_record
SF:core/settings/base.py
DA:7,1
DA:9,1
DA:10,1
DA:12,1
DA:15,1
DA:18,1
DA:21,1
DA:22,1
DA:23,1
DA:24,1
DA:27,1
DA:30,1
DA:45,1
DA:46,1
DA:49,1
DA:50,1
DA:53,1
DA:56,1
DA:57,1
DA:58,1
LF:20
LH:20
end_of_record
SF:core/settings/components/__init__.py
end_of_record
SF:core/settings/components/allauth/__init__.py
DA:1,0
DA:3,0
DA:5,0
LF:3
LH:0
end_of_record
SF:core/settings/components/allauth/account.py
DA:1,1
DA:2,1
DA:4,1
DA:5,1
DA:6,1
DA:7,1
DA:8,1
DA:10,1
DA:11,1
DA:12,1
DA:14,1
DA:15,1
DA:17,1
DA:19,1
LF:14
LH:14
end_of_record
SF:core/settings/components/allauth/headless.py
DA:1,1
LF:1
LH:1
end_of_record
SF:core/settings/components/allauth/mfa.py
DA:1,1
DA:2,1
DA:3,1
DA:4,1
LF:4
LH:4
end_of_record
SF:core/settings/components/allauth/socialaccount.py
DA:1,1
DA:4,1
DA:5,1
DA:6,1
DA:7,1
DA:9,1
LF:6
LH:6
end_of_record
SF:core/settings/components/apps.py
DA:5,1
DA:15,1
DA:35,1
DA:49,1
LF:4
LH:4
end_of_record
SF:core/settings/components/auth.py
DA:5,1
DA:6,1
DA:8,1
DA:13,1
DA:16,1
DA:29,1
LF:6
LH:6
end_of_record
SF:core/settings/components/celery.py
DA:5,1
DA:6,1
DA:8,1
DA:11,1
DA:14,1
DA:17,1
DA:18,1
DA:19,1
DA:20,1
DA:21,1
DA:24,1
DA:25,1
DA:26,1
DA:27,1
DA:32,1
LF:15
LH:15
end_of_record
SF:core/settings/components/database.py
DA:4,1
DA:6,1
LF:2
LH:2
end_of_record
SF:core/settings/components/email.py
DA:5,1
DA:8,1
DA:11,1
DA:14,1
DA:15,1
DA:16,1
DA:17,1
DA:18,1
DA:19,1
LF:9
LH:9
end_of_record
SF:core/settings/components/middleware.py
DA:5,1
LF:1
LH:1
end_of_record
SF:core/settings/components/security.py
DA:8,1
DA:10,1
DA:12,1
DA:18,1
DA:28,1
DA:36,1
DA:37,1
DA:43,1
DA:44,1
DA:46,1
DA:47,1
LF:11
LH:11
end_of_record
SF:core/settings/components/session.py
DA:1,1
DA:6,1
DA:9,1
DA:12,1
LF:4
LH:4
end_of_record
SF:core/settings/components/storage.py
DA:8,1
DA:9,1
DA:11,1
DA:13,1
DA:14,1
DA:17,1
DA:18,1
DA:21,1
DA:22,1
DA:25,1
DA:27,1
DA:29,0
DA:30,0
DA:31,0
DA:33,0
DA:39,0
DA:40,0
DA:41,0
DA:42,0
DA:45,0
DA:46,0
DA:49,0
DA:52,0
DA:53,0
DA:54,0
DA:57,1
DA:65,1
DA:66,1
DA:67,1
DA:68,1
DA:71,1
DA:72,1
LF:32
LH:18
end_of_record
SF:core/settings/development.py
DA:1,0
DA:3,0
DA:5,0
DA:7,0
DA:8,0
DA:10,0
DA:14,0
DA:16,0
DA:18,0
DA:25,0
DA:27,0
DA:29,0
DA:46,0
DA:53,0
DA:59,0
DA:61,0
DA:66,0
DA:68,0
DA:80,0
DA:83,0
DA:84,0
DA:87,0
LF:22
LH:0
FN:83,84,silky_intercept_func
FNDA:0,silky_intercept_func
FNF:1
FNH:0
end_of_record
SF:core/settings/local.py
DA:5,0
LF:1
LH:0
end_of_record
SF:core/settings/production.py
DA:5,0
DA:7,0
DA:10,0
DA:11,0
DA:12,0
DA:15,0
DA:16,0
DA:17,0
DA:18,0
DA:21,0
DA:22,0
DA:25,0
LF:12
LH:0
end_of_record
SF:core/settings/testing.py
DA:6,1
DA:14,1
DA:15,1
DA:16,0
DA:18,1
DA:19,0
DA:22,1
DA:25,1
DA:30,1
DA:33,1
DA:40,1
DA:41,1
DA:42,1
DA:43,1
DA:49,1
DA:51,1
DA:52,1
DA:53,1
DA:54,1
DA:55,1
DA:56,1
DA:59,1
DA:68,1
LF:23
LH:21
FN:15,16,DisableMigrations.__contains__
FNDA:0,DisableMigrations.__contains__
FN:18,19,DisableMigrations.__getitem__
FNDA:0,DisableMigrations.__getitem__
FNF:2
FNH:0
end_of_record
SF:core/storage/__init__.py
DA:1,0
DA:3,0
LF:2
LH:0
end_of_record
SF:core/storage/bucket_manager.py
DA:1,0
DA:3,0
DA:4,0
DA:5,0
DA:6,0
DA:9,0
DA:10,0
DA:11,0
DA:12,0
DA:14,0
DA:15,0
DA:16,0
DA:21,0
DA:22,0
DA:27,0
DA:32,0
DA:37,0
DA:42,0
DA:49,0
DA:52,0
DA:61,0
DA:62,0
DA:65,0
DA:66,0
DA:68,0
DA:70,0
DA:80,0
DA:81,0
DA:82,0
DA:83,0
DA:84,0
DA:86,0
DA:93,0
DA:95,0
DA:100,0
DA:104,0
DA:105,0
DA:107,0
DA:109,0
DA:116,0
DA:117,0
DA:119,0
DA:125,0
DA:127,0
DA:133,0
DA:134,0
LF:46
LH:0
FN:10,12,S3BucketManager.__init__
FNDA:0,S3BucketManager.__init__
FN:14,19,S3BucketManager._build_config
FNDA:0,S3BucketManager._build_config
FN:21,68,S3BucketManager._build_client
FNDA:0,S3BucketManager._build_client
FN:70,84,S3BucketManager.bucket_exists
FNDA:0,S3BucketManager.bucket_exists
FN:86,107,S3BucketManager.create_bucket
FNDA:0,S3BucketManager.create_bucket
FN:109,117,S3BucketManager.ensure_bucket
FNDA:0,S3BucketManager.ensure_bucket
FN:119,125,S3BucketManager.delete_bucket
FNDA:0,S3BucketManager.delete_bucket
FN:127,134,S3BucketManager.list_buckets
FNDA:0,S3BucketManager.list_buckets
FNF:8
FNH:0
end_of_record
SF:core/storage/storages.py
DA:1,0
DA:3,0
DA:4,0
DA:7,0
DA:8,0
DA:10,0
DA:11,0
DA:12,0
DA:18,0
DA:19,0
DA:20,0
DA:26,0
DA:27,0
DA:28,0
DA:29,0
DA:34,0
DA:35,0
DA:37,0
DA:38,0
DA:39,0
DA:42,0
DA:43,0
DA:44,0
DA:45,0
DA:46,0
DA:47,0
DA:49,0
DA:50,0
DA:51,0
DA:54,0
DA:55,0
DA:56,0
DA:57,0
DA:58,0
DA:59,0
DA:61,0
DA:62,0
DA:63,0
DA:66,0
DA:67,0
DA:69,0
DA:70,0
DA:75,0
DA:78,0
DA:79,0
DA:80,0
DA:83,0
DA:84,0
DA:85,0
DA:88,0
DA:94,0
DA:95,0
DA:98,0
DA:104,0
DA:105,0
LF:55
LH:0
FN:11,16,DefaultStorage._get_endpoint_url
FNDA:0,DefaultStorage._get_endpoint_url
FN:19,24,DefaultStorage._get_custom_domain
FNDA:0,DefaultStorage._get_custom_domain
FN:26,39,DefaultStorage.__init__
FNDA:0,DefaultStorage.__init__
FN:50,51,PublicStorage.querystring_auth
FNDA:0,PublicStorage.querystring_auth
FN:62,63,PrivateStorage.querystring_auth
FNDA:0,PrivateStorage.querystring_auth
FN:69,75,StaticStorage.__init__
FNDA:0,StaticStorage.__init__
FNF:6
FNH:0
end_of_record
SF:core/storage/utils.py
DA:1,0
DA:2,0
DA:3,0
DA:5,0
DA:8,0
DA:9,0
DA:10,0
DA:11,0
DA:12,0
DA:13,0
DA:15,0
DA:17,0
DA:18,0
DA:19,0
DA:20,0
DA:23,0
DA:33,0
DA:34,0
DA:37,0
DA:53,0
DA:55,0
DA:56,0
DA:57,0
DA:60,0
DA:61,0
DA:62,0
DA:63,0
DA:64,0
DA:67,0
DA:68,0
DA:69,0
DA:70,0
DA:71,0
DA:72,0
DA:73,0
DA:76,0
DA:77,0
DA:78,0
DA:79,0
DA:80,0
DA:81,0
DA:82,0
DA:84,0
LF:43
LH:0
FN:15,20,SyncResult.exit_on_failure
FNDA:0,SyncResult.exit_on_failure
FN:23,34,get_buckets_names_from_env
FNDA:0,get_buckets_names_from_env
FN:37,84,sync_buckets
FNDA:0,sync_buckets
FNF:3
FNH:0
end_of_record
SF:core/urls.py
DA:18,1
DA:19,1
DA:20,1
DA:21,1
DA:27,1
DA:34,1
DA:45,1
DA:46,0
DA:70,0
DA:71,0
DA:72,0
DA:73,0
DA:75,0
LF:13
LH:7
end_of_record
SF:core/utils/__init__.py
DA:1,1
DA:2,1
DA:3,1
DA:5,1
LF:4
LH:4
end_of_record
SF:core/utils/allauth/__init__.py
DA:1,1
DA:3,1
LF:2
LH:2
end_of_record
SF:core/utils/allauth/allauth_views.py
DA:1,1
DA:4,1
DA:5,1
DA:6,0
DA:9,1
DA:10,1
DA:11,0
LF:7
LH:5
FN:5,6,AllauthSwaggerView.get_template_names
FNDA:0,AllauthSwaggerView.get_template_names
FN:10,11,AllauthRedocView.get_template_names
FNDA:0,AllauthRedocView.get_template_names
FNF:2
FNH:0
end_of_record
SF:core/utils/auth/__init__.py
DA:1,1
DA:3,1
LF:2
LH:2
end_of_record
SF:core/utils/auth/csrf_urls.py
DA:1,0
DA:2,0
DA:4,0
DA:6,0
DA:8,0
DA:10,0
LF:6
LH:0
end_of_record
SF:core/utils/auth/csrf_views.py
DA:1,1
DA:2,1
DA:3,1
DA:4,1
DA:5,1
DA:6,1
DA:9,1
DA:17,1
DA:18,1
DA:20,1
DA:21,0
LF:11
LH:10
FN:20,26,CsrfViewSet.list
FNDA:0,CsrfViewSet.list
FNF:1
FNH:0
end_of_record
SF:core/utils/health/__init__.py
DA:1,1
DA:3,1
LF:2
LH:2
end_of_record
SF:core/utils/health/schema.py
DA:1,1
DA:2,1
DA:4,1
LF:3
LH:3
end_of_record
SF:core/utils/health/views.py
DA:5,1
DA:7,1
DA:8,1
DA:9,1
DA:10,1
DA:11,1
DA:12,1
DA:13,1
DA:14,1
DA:15,1
DA:16,1
DA:18,1
DA:21,1
DA:26,1
DA:28,1
DA:29,1
DA:30,1
DA:33,1
DA:34,1
DA:35,1
DA:36,1
DA:37,1
DA:38,1
DA:39,1
DA:40,1
DA:43,1
DA:44,1
DA:45,1
DA:46,1
DA:48,0
DA:49,0
DA:50,0
DA:51,0
DA:52,0
DA:53,0
DA:54,0
DA:57,1
DA:58,1
DA:59,1
DA:60,1
DA:64,1
DA:73,1
DA:74,0
DA:75,1
DA:76,1
DA:77,1
DA:78,1
DA:80,1
DA:81,1
DA:83,1
LF:50
LH:42
FN:29,83,HealthCheckView.get
FNDA:1,HealthCheckView.get
FNF:1
FNH:1
end_of_record
SF:core/wsgi.py
DA:10,0
DA:12,0
DA:14,0
DA:16,0
LF:4
LH:0
end_of_record
